{
  "RSpec": {
    "coverage": {
      "/Users/suman/projects/fasttrack-projects/test_poc_app/template/spec/controllers/users_controller_spec.rb": [
        1,
        null,
        1,
        null,
        1,
        1,
        1,
        null,
        1,
        null,
        null,
        null,
        null,
        1,
        1,
        1,
        1,
        null,
        1,
        null,
        null,
        null,
        null,
        null
      ],
      "/Users/suman/projects/fasttrack-projects/test_poc_app/template/spec/rails_helper.rb": [
        1,
        1,
        1,
        1,
        1,
        null,
        null,
        1,
        null,
        null,
        null,
        2,
        null,
        1,
        null,
        1,
        1,
        1,
        1,
        1,
        null,
        null,
        null,
        null,
        null,
        null,
        null,
        null,
        null,
        1,
        null,
        null,
        null,
        null,
        null,
        null,
        null,
        null,
        null,
        null,
        null,
        null,
        null,
        null,
        null,
        null,
        null,
        null,
        null,
        null,
        null,
        null,
        null,
        null,
        null,
        null,
        null,
        null,
        null,
        null,
        null,
        null,
        null,
        null,
        null,
        null,
        null,
        null,
        null,
        null,
        null,
        null,
        null,
        null,
        null,
        null,
        null,
        null,
        null,
        null,
        null,
        null,
        null,
        null,
        null,
        null,
        null,
        null,
        null,
        null,
        null,
        null,
        null,
        null,
        null,
        null,
        null
      ],
      "/Users/suman/projects/fasttrack-projects/test_poc_app/template/config/environment.rb": [
        null,
        1,
        null,
        null,
        1
      ],
      "/Users/suman/projects/fasttrack-projects/test_poc_app/template/config/application.rb": [
        1,
        null,
        1,
        null,
        1,
        1,
        1,
        1,
        1,
        1,
        1,
        1,
        null,
        null,
        null,
        null,
        1,
        null,
        1,
        1,
        null,
        1,
        null,
        null,
        null,
        null,
        null,
        null,
        1,
        null,
        null
      ],
      "/Users/suman/projects/fasttrack-projects/test_poc_app/template/config/boot.rb": [
        1,
        null,
        1
      ],
      "/Users/suman/projects/fasttrack-projects/test_poc_app/template/config/environments/test.rb": [
        1,
        null,
        null,
        null,
        null,
        null,
        null,
        1,
        null,
        null,
        null,
        null,
        1,
        null,
        null,
        1,
        1,
        null,
        null,
        null,
        null,
        1,
        1,
        null,
        null,
        1,
        null,
        null,
        1,
        1,
        null,
        null,
        null,
        null,
        1,
        null,
        null,
        1,
        null,
        null,
        null,
        null
      ],
      "/Users/suman/projects/fasttrack-projects/test_poc_app/template/config/initializers/application_controller_renderer.rb": [
        null,
        null,
        null,
        null,
        null,
        null,
        null,
        null
      ],
      "/Users/suman/projects/fasttrack-projects/test_poc_app/template/config/initializers/assets.rb": [
        null,
        null,
        null,
        1,
        null,
        null,
        null,
        null,
        1,
        null,
        null,
        null,
        null,
        null
      ],
      "/Users/suman/projects/fasttrack-projects/test_poc_app/template/config/initializers/backtrace_silencers.rb": [
        null,
        null,
        null,
        null,
        null,
        null,
        null
      ],
      "/Users/suman/projects/fasttrack-projects/test_poc_app/template/config/initializers/cookies_serializer.rb": [
        null,
        null,
        null,
        null,
        1
      ],
      "/Users/suman/projects/fasttrack-projects/test_poc_app/template/config/initializers/filter_parameter_logging.rb": [
        null,
        null,
        null,
        1
      ],
      "/Users/suman/projects/fasttrack-projects/test_poc_app/template/config/initializers/inflections.rb": [
        null,
        null,
        null,
        null,
        null,
        null,
        null,
        null,
        null,
        null,
        null,
        null,
        null,
        null,
        null,
        null
      ],
      "/Users/suman/projects/fasttrack-projects/test_poc_app/template/config/initializers/mime_types.rb": [
        null,
        null,
        null,
        null
      ],
      "/Users/suman/projects/fasttrack-projects/test_poc_app/template/config/initializers/wrap_parameters.rb": [
        null,
        null,
        null,
        null,
        null,
        null,
        1,
        2,
        null,
        null,
        null,
        null,
        null,
        null
      ],
      "/Users/suman/projects/fasttrack-projects/test_poc_app/template/spec/factories/users.rb": [
        1,
        1,
        1,
        1,
        1,
        1,
        null,
        null,
        1,
        15,
        15,
        15,
        1,
        null,
        null
      ],
      "/Users/suman/projects/fasttrack-projects/test_poc_app/template/app/models/user.rb": [
        1,
        2,
        2,
        null,
        1,
        1,
        1,
        null
      ],
      "/Users/suman/projects/fasttrack-projects/test_poc_app/template/app/models/application_record.rb": [
        1,
        1,
        null
      ],
      "/Users/suman/projects/fasttrack-projects/test_poc_app/template/config/routes.rb": [
        1,
        1,
        1,
        null,
        null
      ],
      "/Users/suman/projects/fasttrack-projects/test_poc_app/template/app/helpers/application_helper.rb": [
        1,
        null
      ],
      "/Users/suman/projects/fasttrack-projects/test_poc_app/template/app/helpers/users_helper.rb": [
        1,
        null
      ],
      "/Users/suman/projects/fasttrack-projects/test_poc_app/template/spec/support/factory_bot.rb": [
        1,
        1,
        null
      ],
      "/Users/suman/projects/fasttrack-projects/test_poc_app/template/app/controllers/users_controller.rb": [
        1,
        1,
        null,
        null,
        null,
        1,
        3,
        null,
        null,
        null,
        null,
        1,
        null,
        null,
        null,
        1,
        2,
        null,
        null,
        null,
        1,
        null,
        null,
        null,
        null,
        1,
        2,
        null,
        2,
        2,
        2,
        1,
        null,
        2,
        1,
        null,
        null,
        null,
        null,
        null,
        null,
        1,
        2,
        2,
        2,
        1,
        null,
        2,
        1,
        null,
        null,
        null,
        null,
        null,
        null,
        1,
        1,
        1,
        2,
        1,
        null,
        null,
        null,
        1,
        null,
        1,
        8,
        null,
        null,
        null,
        1,
        4,
        null,
        null
      ],
      "/Users/suman/projects/fasttrack-projects/test_poc_app/template/app/controllers/application_controller.rb": [
        1,
        1,
        null
      ],
      "/Users/suman/projects/fasttrack-projects/test_poc_app/template/spec/features/users_spec.rb": [
        1,
        null,
        1,
        null,
        null,
        1,
        null,
        1,
        2,
        2,
        2,
        2,
        null,
        null,
        null,
        1,
        null,
        null,
        null,
        null,
        null,
        null,
        1,
        1,
        null,
        1,
        1,
        null,
        null,
        null,
        1,
        null,
        null,
        null,
        null,
        null,
        1,
        1,
        null,
        null,
        null,
        null,
        null,
        null,
        null,
        null,
        null,
        null,
        null,
        null,
        null,
        null,
        null,
        null,
        null,
        null,
        null,
        null,
        null,
        null,
        null,
        null,
        null,
        null,
        null,
        null,
        null,
        null,
        null,
        null,
        null,
        null,
        null,
        1,
        3,
        1,
        2,
        null,
        1,
        1,
        1,
        1,
        null,
        null,
        1,
        null,
        1,
        1,
        null,
        null,
        1,
        1,
        1,
        null,
        null,
        1,
        1,
        null,
        null,
        null,
        null,
        1,
        1,
        1,
        1,
        null,
        null,
        1,
        1,
        null,
        1,
        null,
        null,
        null,
        null
      ],
      "/Users/suman/projects/fasttrack-projects/test_poc_app/template/spec/models/user_spec.rb": [
        1,
        null,
        1,
        null,
        null,
        1,
        5,
        null,
        null,
        null,
        1,
        null,
        1,
        null,
        1,
        null,
        null,
        1,
        null,
        1,
        1,
        null,
        null,
        1,
        null,
        1,
        1,
        null,
        null,
        1,
        null,
        1,
        null,
        null,
        null,
        null,
        1,
        null,
        null,
        null,
        null,
        null,
        null,
        null,
        null,
        null,
        null,
        3,
        1,
        6,
        null,
        null,
        1,
        1,
        null,
        null,
        1,
        1,
        null,
        null,
        null,
        null
      ]
    },
    "timestamp": 1525345736
  }
}
